Build started 9/2/2015 7:03:56 PM.
     1>Project "C:\Users\rehuf\OneDrive\Documents\GitHub\Learning\Board-Games\Board-Games\Board-Games.vcxproj" on node 2 (Build target(s)).
     1>ClCompile:
         F:\Program Files (x86)\Microsoft Visual Studio 14.0\VC\bin\CL.exe /c /Zi /nologo /W3 /WX- /sdl /O2 /Oi /Oy- /GL /D WIN32 /D NDEBUG /D _CONSOLE /D _LIB /D _UNICODE /D UNICODE /Gm- /EHsc /MD /GS /Gy /fp:precise /Zc:wchar_t /Zc:forScope /Zc:inline /Yc"stdafx.h" /Fp"Release\Board-Games.pch" /Fo"Release\\" /Fd"Release\vc140.pdb" /Gd /TP /analyze- /errorReport:prompt stdafx.cpp
         stdafx.cpp
         F:\Program Files (x86)\Microsoft Visual Studio 14.0\VC\bin\CL.exe /c /Zi /nologo /W3 /WX- /sdl /O2 /Oi /Oy- /GL /D WIN32 /D NDEBUG /D _CONSOLE /D _LIB /D _UNICODE /D UNICODE /Gm- /EHsc /MD /GS /Gy /fp:precise /Zc:wchar_t /Zc:forScope /Zc:inline /Yu"stdafx.h" /Fp"Release\Board-Games.pch" /Fo"Release\\" /Fd"Release\vc140.pdb" /Gd /TP /analyze- /errorReport:prompt "Board-Games.cpp" Board.cpp ConnectFour.cpp Game.cpp GameBase.cpp Player.cpp TicTacToe.cpp
         Board-Games.cpp
         Board.cpp
         ConnectFour.cpp
         Game.cpp
         GameBase.cpp
         Player.cpp
         TicTacToe.cpp
       Link:
         F:\Program Files (x86)\Microsoft Visual Studio 14.0\VC\bin\link.exe /ERRORREPORT:PROMPT /OUT:"C:\Users\rehuf\OneDrive\Documents\GitHub\Learning\Board-Games\Release\Board-Games.exe" /INCREMENTAL:NO /NOLOGO kernel32.lib user32.lib gdi32.lib winspool.lib comdlg32.lib advapi32.lib shell32.lib ole32.lib oleaut32.lib uuid.lib odbc32.lib odbccp32.lib /MANIFEST /MANIFESTUAC:"level='asInvoker' uiAccess='false'" /manifest:embed /Debug /PDB:"C:\Users\rehuf\OneDrive\Documents\GitHub\Learning\Board-Games\Release\Board-Games.pdb" /SUBSYSTEM:CONSOLE /OPT:REF /OPT:ICF /LTCG:incremental /TLBID:1 /DYNAMICBASE /NXCOMPAT /IMPLIB:"C:\Users\rehuf\OneDrive\Documents\GitHub\Learning\Board-Games\Release\Board-Games.lib" /MACHINE:X86 /SAFESEH "Release\Board-Games.obj"
         Release\Board.obj
         Release\ConnectFour.obj
         Release\Game.obj
         Release\GameBase.obj
         Release\Player.obj
         Release\stdafx.obj
         Release\TicTacToe.obj
         Generating code
         0 of 143 functions ( 0.0%) were compiled, the rest were copied from previous compilation.
           0 functions were new in current compilation
           0 functions had inline decision re-evaluated but remain unchanged
         Finished generating code
         Board-Games.vcxproj -> C:\Users\rehuf\OneDrive\Documents\GitHub\Learning\Board-Games\Release\Board-Games.exe
     1>Done Building Project "C:\Users\rehuf\OneDrive\Documents\GitHub\Learning\Board-Games\Board-Games\Board-Games.vcxproj" (Build target(s)).

Build succeeded.

Time Elapsed 00:00:02.59
