Build started 1/8/2015 6:50:42 AM.
     1>Project "C:\Users\Bairns\Documents\GitHub\Learning\Board-Games\Board-Games\Board-Games.vcxproj" on node 2 (Build target(s)).
     1>ClCompile:
         C:\Program Files (x86)\Microsoft Visual Studio 12.0\VC\bin\CL.exe /c /ZI /nologo /W3 /WX- /sdl /Od /Oy- /D WIN32 /D _DEBUG /D _CONSOLE /D _LIB /D _UNICODE /D UNICODE /Gm /EHsc /RTC1 /MDd /GS /fp:precise /Zc:wchar_t /Zc:forScope /Yc"stdafx.h" /Fp"Debug\Board-Games.pch" /Fo"Debug\\" /Fd"Debug\vc120.pdb" /Gd /TP /analyze- /errorReport:prompt stdafx.cpp
         stdafx.cpp
         C:\Program Files (x86)\Microsoft Visual Studio 12.0\VC\bin\CL.exe /c /ZI /nologo /W3 /WX- /sdl /Od /Oy- /D WIN32 /D _DEBUG /D _CONSOLE /D _LIB /D _UNICODE /D UNICODE /Gm /EHsc /RTC1 /MDd /GS /fp:precise /Zc:wchar_t /Zc:forScope /Yu"stdafx.h" /Fp"Debug\Board-Games.pch" /Fo"Debug\\" /Fd"Debug\vc120.pdb" /Gd /TP /analyze- /errorReport:prompt "Board-Games.cpp" Board.cpp ConnectFour.cpp Game.cpp GameBase.cpp Player.cpp
         Player.cpp
         GameBase.cpp
         Game.cpp
         ConnectFour.cpp
         Board.cpp
         Board-Games.cpp
         Generating Code...
     1>c:\users\bairns\documents\github\learning\board-games\board-games\board.cpp(245): warning C4715: 'Board::drawTile' : not all control paths return a value
     1>c:\users\bairns\documents\github\learning\board-games\board-games\game.cpp(70): warning C4715: 'Game::showMenu' : not all control paths return a value
       Link:
         C:\Program Files (x86)\Microsoft Visual Studio 12.0\VC\bin\link.exe /ERRORREPORT:PROMPT /OUT:"C:\Users\Bairns\Documents\GitHub\Learning\Board-Games\Debug\Board-Games.exe" /INCREMENTAL /NOLOGO kernel32.lib user32.lib gdi32.lib winspool.lib comdlg32.lib advapi32.lib shell32.lib ole32.lib oleaut32.lib uuid.lib odbc32.lib odbccp32.lib /MANIFEST /MANIFESTUAC:"level='asInvoker' uiAccess='false'" /manifest:embed /DEBUG /PDB:"C:\Users\Bairns\Documents\GitHub\Learning\Board-Games\Debug\Board-Games.pdb" /SUBSYSTEM:CONSOLE /TLBID:1 /DYNAMICBASE /NXCOMPAT /IMPLIB:"C:\Users\Bairns\Documents\GitHub\Learning\Board-Games\Debug\Board-Games.lib" /MACHINE:X86 "Debug\Board-Games.obj"
         Debug\Board.obj
         Debug\ConnectFour.obj
         Debug\Game.obj
         Debug\GameBase.obj
         Debug\Player.obj
         Debug\stdafx.obj
         Board-Games.vcxproj -> C:\Users\Bairns\Documents\GitHub\Learning\Board-Games\Debug\Board-Games.exe
     1>Done Building Project "C:\Users\Bairns\Documents\GitHub\Learning\Board-Games\Board-Games\Board-Games.vcxproj" (Build target(s)).

Build succeeded.

Time Elapsed 00:00:01.85
